Restore Archived Project report for DE10Nano_System
Tue Nov 12 10:40:47 2019
Quartus Prime Version 18.0.0 Build 614 04/24/2018 SJ Lite Edition


---------------------
; Table of Contents ;
---------------------
  1. Legal Notice
  2. Restore Archived Project Summary
  3. Restore Archived Project Messages
  4. Files Restored
  5. Files Not Restored



----------------
; Legal Notice ;
----------------
Copyright (C) 2018  Intel Corporation. All rights reserved.
Your use of Intel Corporation's design tools, logic functions 
and other software and tools, and its AMPP partner logic 
functions, and any output files from any of the foregoing 
(including device programming or simulation files), and any 
associated documentation or information are expressly subject 
to the terms and conditions of the Intel Program License 
Subscription Agreement, the Intel Quartus Prime License Agreement,
the Intel FPGA IP License Agreement, or other applicable license
agreement, including, without limitation, that your use is for
the sole purpose of programming logic devices manufactured by
Intel and sold by Intel or its authorized distributors.  Please
refer to the applicable agreement for further details.



+-------------------------------------------------------------------------+
; Restore Archived Project Summary                                        ;
+---------------------------------+---------------------------------------+
; Restore Archived Project Status ; Successful - Tue Nov 12 10:40:47 2019 ;
; Revision Name                   ; DE10Nano_System                       ;
; Top-level Entity Name           ; DE10Nano_System                       ;
; Family                          ; Cyclone V                             ;
+---------------------------------+---------------------------------------+


+-----------------------------------+
; Restore Archived Project Messages ;
+-----------------------------------+
Info: Successfully restored '/home/alex/Documents/soc_fpga1/lab06/AudioMini_Passthrough/DE10Nano_System_tmp_archive.qar' into the '/home/alex/Documents/soc_fpga1/Lab07' directory
Info: Generated report 'DE10Nano_System.restore.rpt'


+-------------------------------------------------------------------------------------------------------------------------+
; Files Restored                                                                                                          ;
+-------------------------------------------------------------------------------------------------------------------------+
; File Name                                                                                                               ;
+-------------------------------------------------------------------------------------------------------------------------+
; qar_info.json                                                                                                           ;
; AudioMini_Passthrough/DE10Nano_System.qpf                                                                               ;
; AudioMini_Passthrough/DE10Nano_System.qsf                                                                               ;
; AudioMini_Passthrough/DE10Nano_System.sdc                                                                               ;
; AudioMini_Passthrough/DE10Nano_System.vhd                                                                               ;
; AudioMini_Passthrough/DE10Nano_System_assignment_defaults.qdf                                                           ;
; AudioMini_Passthrough/Qsys_LED_control_hw.tcl                                                                           ;
; AudioMini_Passthrough/gen_rbf.cof                                                                                       ;
; AudioMini_Passthrough/soc_system.qsys                                                                                   ;
; AudioMini_Passthrough/soc_system.sopcinfo                                                                               ;
; AudioMini_Passthrough/soc_system/soc_system.cmp                                                                         ;
; AudioMini_Passthrough/soc_system/synthesis/soc_system.debuginfo                                                         ;
; AudioMini_Passthrough/soc_system/synthesis/soc_system.qip                                                               ;
; AudioMini_Passthrough/soc_system/synthesis/soc_system.regmap                                                            ;
; AudioMini_Passthrough/soc_system/synthesis/soc_system.vhd                                                               ;
; AudioMini_Passthrough/soc_system/synthesis/soc_system_hps_hps.svd                                                       ;
; AudioMini_Passthrough/soc_system/synthesis/soc_system_rst_controller.vhd                                                ;
; AudioMini_Passthrough/soc_system/synthesis/soc_system_rst_controller_001.vhd                                            ;
; AudioMini_Passthrough/soc_system/synthesis/submodules/Qsys_LED_control.vhd                                              ;
; AudioMini_Passthrough/soc_system/synthesis/submodules/altdq_dqs2_acv_connect_to_hard_phy_cyclonev.sv                    ;
; AudioMini_Passthrough/soc_system/synthesis/submodules/altera_avalon_packets_to_master.v                                 ;
; AudioMini_Passthrough/soc_system/synthesis/submodules/altera_avalon_sc_fifo.v                                           ;
; AudioMini_Passthrough/soc_system/synthesis/submodules/altera_avalon_st_bytes_to_packets.v                               ;
; AudioMini_Passthrough/soc_system/synthesis/submodules/altera_avalon_st_clock_crosser.v                                  ;
; AudioMini_Passthrough/soc_system/synthesis/submodules/altera_avalon_st_idle_inserter.v                                  ;
; AudioMini_Passthrough/soc_system/synthesis/submodules/altera_avalon_st_idle_remover.v                                   ;
; AudioMini_Passthrough/soc_system/synthesis/submodules/altera_avalon_st_jtag_interface.sdc                               ;
; AudioMini_Passthrough/soc_system/synthesis/submodules/altera_avalon_st_jtag_interface.v                                 ;
; AudioMini_Passthrough/soc_system/synthesis/submodules/altera_avalon_st_packets_to_bytes.v                               ;
; AudioMini_Passthrough/soc_system/synthesis/submodules/altera_avalon_st_pipeline_base.v                                  ;
; AudioMini_Passthrough/soc_system/synthesis/submodules/altera_avalon_st_pipeline_stage.sv                                ;
; AudioMini_Passthrough/soc_system/synthesis/submodules/altera_default_burst_converter.sv                                 ;
; AudioMini_Passthrough/soc_system/synthesis/submodules/altera_incr_burst_converter.sv                                    ;
; AudioMini_Passthrough/soc_system/synthesis/submodules/altera_jtag_dc_streaming.v                                        ;
; AudioMini_Passthrough/soc_system/synthesis/submodules/altera_jtag_sld_node.v                                            ;
; AudioMini_Passthrough/soc_system/synthesis/submodules/altera_jtag_streaming.v                                           ;
; AudioMini_Passthrough/soc_system/synthesis/submodules/altera_mem_if_dll_cyclonev.sv                                     ;
; AudioMini_Passthrough/soc_system/synthesis/submodules/altera_mem_if_hard_memory_controller_top_cyclonev.sv              ;
; AudioMini_Passthrough/soc_system/synthesis/submodules/altera_mem_if_hhp_qseq_synth_top.v                                ;
; AudioMini_Passthrough/soc_system/synthesis/submodules/altera_mem_if_oct_cyclonev.sv                                     ;
; AudioMini_Passthrough/soc_system/synthesis/submodules/altera_merlin_address_alignment.sv                                ;
; AudioMini_Passthrough/soc_system/synthesis/submodules/altera_merlin_arbitrator.sv                                       ;
; AudioMini_Passthrough/soc_system/synthesis/submodules/altera_merlin_axi_master_ni.sv                                    ;
; AudioMini_Passthrough/soc_system/synthesis/submodules/altera_merlin_burst_adapter.sv                                    ;
; AudioMini_Passthrough/soc_system/synthesis/submodules/altera_merlin_burst_adapter_13_1.sv                               ;
; AudioMini_Passthrough/soc_system/synthesis/submodules/altera_merlin_burst_adapter_new.sv                                ;
; AudioMini_Passthrough/soc_system/synthesis/submodules/altera_merlin_burst_adapter_uncmpr.sv                             ;
; AudioMini_Passthrough/soc_system/synthesis/submodules/altera_merlin_burst_uncompressor.sv                               ;
; AudioMini_Passthrough/soc_system/synthesis/submodules/altera_merlin_master_agent.sv                                     ;
; AudioMini_Passthrough/soc_system/synthesis/submodules/altera_merlin_master_translator.sv                                ;
; AudioMini_Passthrough/soc_system/synthesis/submodules/altera_merlin_reorder_memory.sv                                   ;
; AudioMini_Passthrough/soc_system/synthesis/submodules/altera_merlin_slave_agent.sv                                      ;
; AudioMini_Passthrough/soc_system/synthesis/submodules/altera_merlin_slave_translator.sv                                 ;
; AudioMini_Passthrough/soc_system/synthesis/submodules/altera_merlin_traffic_limiter.sv                                  ;
; AudioMini_Passthrough/soc_system/synthesis/submodules/altera_reset_controller.sdc                                       ;
; AudioMini_Passthrough/soc_system/synthesis/submodules/altera_reset_controller.v                                         ;
; AudioMini_Passthrough/soc_system/synthesis/submodules/altera_reset_synchronizer.v                                       ;
; AudioMini_Passthrough/soc_system/synthesis/submodules/altera_std_synchronizer_nocut.v                                   ;
; AudioMini_Passthrough/soc_system/synthesis/submodules/altera_wrap_burst_converter.sv                                    ;
; AudioMini_Passthrough/soc_system/synthesis/submodules/hps.pre.xml                                                       ;
; AudioMini_Passthrough/soc_system/synthesis/submodules/hps_AC_ROM.hex                                                    ;
; AudioMini_Passthrough/soc_system/synthesis/submodules/hps_inst_ROM.hex                                                  ;
; AudioMini_Passthrough/soc_system/synthesis/submodules/hps_sdram.v                                                       ;
; AudioMini_Passthrough/soc_system/synthesis/submodules/hps_sdram_p0.ppf                                                  ;
; AudioMini_Passthrough/soc_system/synthesis/submodules/hps_sdram_p0.sdc                                                  ;
; AudioMini_Passthrough/soc_system/synthesis/submodules/hps_sdram_p0.sv                                                   ;
; AudioMini_Passthrough/soc_system/synthesis/submodules/hps_sdram_p0_acv_hard_addr_cmd_pads.v                             ;
; AudioMini_Passthrough/soc_system/synthesis/submodules/hps_sdram_p0_acv_hard_io_pads.v                                   ;
; AudioMini_Passthrough/soc_system/synthesis/submodules/hps_sdram_p0_acv_hard_memphy.v                                    ;
; AudioMini_Passthrough/soc_system/synthesis/submodules/hps_sdram_p0_acv_ldc.v                                            ;
; AudioMini_Passthrough/soc_system/synthesis/submodules/hps_sdram_p0_altdqdqs.v                                           ;
; AudioMini_Passthrough/soc_system/synthesis/submodules/hps_sdram_p0_clock_pair_generator.v                               ;
; AudioMini_Passthrough/soc_system/synthesis/submodules/hps_sdram_p0_generic_ddio.v                                       ;
; AudioMini_Passthrough/soc_system/synthesis/submodules/hps_sdram_p0_iss_probe.v                                          ;
; AudioMini_Passthrough/soc_system/synthesis/submodules/hps_sdram_p0_parameters.tcl                                       ;
; AudioMini_Passthrough/soc_system/synthesis/submodules/hps_sdram_p0_phy_csr.sv                                           ;
; AudioMini_Passthrough/soc_system/synthesis/submodules/hps_sdram_p0_pin_assignments.tcl                                  ;
; AudioMini_Passthrough/soc_system/synthesis/submodules/hps_sdram_p0_pin_map.tcl                                          ;
; AudioMini_Passthrough/soc_system/synthesis/submodules/hps_sdram_p0_report_timing.tcl                                    ;
; AudioMini_Passthrough/soc_system/synthesis/submodules/hps_sdram_p0_report_timing_core.tcl                               ;
; AudioMini_Passthrough/soc_system/synthesis/submodules/hps_sdram_p0_reset.v                                              ;
; AudioMini_Passthrough/soc_system/synthesis/submodules/hps_sdram_p0_reset_sync.v                                         ;
; AudioMini_Passthrough/soc_system/synthesis/submodules/hps_sdram_p0_timing.tcl                                           ;
; AudioMini_Passthrough/soc_system/synthesis/submodules/hps_sdram_pll.sv                                                  ;
; AudioMini_Passthrough/soc_system/synthesis/submodules/sequencer/alt_types.pre.h                                         ;
; AudioMini_Passthrough/soc_system/synthesis/submodules/sequencer/emif.pre.xml                                            ;
; AudioMini_Passthrough/soc_system/synthesis/submodules/sequencer/sdram_io.pre.h                                          ;
; AudioMini_Passthrough/soc_system/synthesis/submodules/sequencer/sequencer.pre.c                                         ;
; AudioMini_Passthrough/soc_system/synthesis/submodules/sequencer/sequencer.pre.h                                         ;
; AudioMini_Passthrough/soc_system/synthesis/submodules/sequencer/sequencer_auto.pre.h                                    ;
; AudioMini_Passthrough/soc_system/synthesis/submodules/sequencer/sequencer_auto_ac_init.pre.c                            ;
; AudioMini_Passthrough/soc_system/synthesis/submodules/sequencer/sequencer_auto_inst_init.pre.c                          ;
; AudioMini_Passthrough/soc_system/synthesis/submodules/sequencer/sequencer_defines.pre.h                                 ;
; AudioMini_Passthrough/soc_system/synthesis/submodules/sequencer/system.pre.h                                            ;
; AudioMini_Passthrough/soc_system/synthesis/submodules/sequencer/tclrpt.pre.c                                            ;
; AudioMini_Passthrough/soc_system/synthesis/submodules/sequencer/tclrpt.pre.h                                            ;
; AudioMini_Passthrough/soc_system/synthesis/submodules/soc_system_PLL_using_AD1939_MCLK.qip                              ;
; AudioMini_Passthrough/soc_system/synthesis/submodules/soc_system_PLL_using_AD1939_MCLK.v                                ;
; AudioMini_Passthrough/soc_system/synthesis/submodules/soc_system_SystemID.v                                             ;
; AudioMini_Passthrough/soc_system/synthesis/submodules/soc_system_hps.v                                                  ;
; AudioMini_Passthrough/soc_system/synthesis/submodules/soc_system_hps_fpga_interfaces.sdc                                ;
; AudioMini_Passthrough/soc_system/synthesis/submodules/soc_system_hps_fpga_interfaces.sv                                 ;
; AudioMini_Passthrough/soc_system/synthesis/submodules/soc_system_hps_hps_io.v                                           ;
; AudioMini_Passthrough/soc_system/synthesis/submodules/soc_system_hps_hps_io_border.sdc                                  ;
; AudioMini_Passthrough/soc_system/synthesis/submodules/soc_system_hps_hps_io_border.sv                                   ;
; AudioMini_Passthrough/soc_system/synthesis/submodules/soc_system_irq_mapper.sv                                          ;
; AudioMini_Passthrough/soc_system/synthesis/submodules/soc_system_irq_mapper_001.sv                                      ;
; AudioMini_Passthrough/soc_system/synthesis/submodules/soc_system_jtag_mm1.v                                             ;
; AudioMini_Passthrough/soc_system/synthesis/submodules/soc_system_jtag_mm1_b2p_adapter.sv                                ;
; AudioMini_Passthrough/soc_system/synthesis/submodules/soc_system_jtag_mm1_p2b_adapter.sv                                ;
; AudioMini_Passthrough/soc_system/synthesis/submodules/soc_system_jtag_mm1_timing_adt.sv                                 ;
; AudioMini_Passthrough/soc_system/synthesis/submodules/soc_system_jtag_uart.v                                            ;
; AudioMini_Passthrough/soc_system/synthesis/submodules/soc_system_mm_interconnect_0.v                                    ;
; AudioMini_Passthrough/soc_system/synthesis/submodules/soc_system_mm_interconnect_0_avalon_st_adapter.v                  ;
; AudioMini_Passthrough/soc_system/synthesis/submodules/soc_system_mm_interconnect_0_avalon_st_adapter_error_adapter_0.sv ;
; AudioMini_Passthrough/soc_system/synthesis/submodules/soc_system_mm_interconnect_0_cmd_demux.sv                         ;
; AudioMini_Passthrough/soc_system/synthesis/submodules/soc_system_mm_interconnect_0_cmd_mux.sv                           ;
; AudioMini_Passthrough/soc_system/synthesis/submodules/soc_system_mm_interconnect_0_router.sv                            ;
; AudioMini_Passthrough/soc_system/synthesis/submodules/soc_system_mm_interconnect_0_router_002.sv                        ;
; AudioMini_Passthrough/soc_system/synthesis/submodules/soc_system_mm_interconnect_0_rsp_demux.sv                         ;
; AudioMini_Passthrough/soc_system/synthesis/submodules/soc_system_mm_interconnect_0_rsp_mux.sv                           ;
; AudioMini_Passthrough/soc_system/synthesis/submodules/soc_system_mm_interconnect_1.v                                    ;
; AudioMini_Passthrough/soc_system/synthesis/submodules/soc_system_mm_interconnect_1_avalon_st_adapter.v                  ;
; AudioMini_Passthrough/soc_system/synthesis/submodules/soc_system_mm_interconnect_1_avalon_st_adapter_error_adapter_0.sv ;
; AudioMini_Passthrough/soc_system/synthesis/submodules/soc_system_mm_interconnect_1_cmd_demux.sv                         ;
; AudioMini_Passthrough/soc_system/synthesis/submodules/soc_system_mm_interconnect_1_cmd_demux_002.sv                     ;
; AudioMini_Passthrough/soc_system/synthesis/submodules/soc_system_mm_interconnect_1_cmd_mux.sv                           ;
; AudioMini_Passthrough/soc_system/synthesis/submodules/soc_system_mm_interconnect_1_cmd_mux_002.sv                       ;
; AudioMini_Passthrough/soc_system/synthesis/submodules/soc_system_mm_interconnect_1_router.sv                            ;
; AudioMini_Passthrough/soc_system/synthesis/submodules/soc_system_mm_interconnect_1_router_002.sv                        ;
; AudioMini_Passthrough/soc_system/synthesis/submodules/soc_system_mm_interconnect_1_router_003.sv                        ;
; AudioMini_Passthrough/soc_system/synthesis/submodules/soc_system_mm_interconnect_1_router_005.sv                        ;
; AudioMini_Passthrough/soc_system/synthesis/submodules/soc_system_mm_interconnect_1_rsp_demux.sv                         ;
; AudioMini_Passthrough/soc_system/synthesis/submodules/soc_system_mm_interconnect_1_rsp_demux_002.sv                     ;
; AudioMini_Passthrough/soc_system/synthesis/submodules/soc_system_mm_interconnect_1_rsp_mux.sv                           ;
; AudioMini_Passthrough/soc_system/synthesis/submodules/soc_system_mm_interconnect_1_rsp_mux_002.sv                       ;
; AudioMini_Passthrough/soc_system/synthesis/submodules/soc_system_onchip_memory.hex                                      ;
; AudioMini_Passthrough/soc_system/synthesis/submodules/soc_system_onchip_memory.v                                        ;
; LED_control.vhd                                                                                                         ;
; PB_condition.vhd                                                                                                        ;
; Qsys_LED_control.vhd                                                                                                    ;
+-------------------------------------------------------------------------------------------------------------------------+


+--------------------------------------------------+
; Files Not Restored                               ;
+--------------------------------------------------+
; File Name                                        ;
+--------------------------------------------------+
; AudioMini_Passthrough/db/DE10Nano_System.cmp.rdb ;
+--------------------------------------------------+


